8:42:36 AM  [main] 	Initializing Control Panel
8:42:36 AM  [main] 	Windows Version:  Home  64-bit
8:42:36 AM  [main] 	XAMPP Version: 5.6.15
8:42:36 AM  [main] 	Control Panel Version: 3.2.2  [ Compiled: Nov 12th 2015 ]
8:42:36 AM  [main] 	You are not running with administrator rights! This will work for
8:42:36 AM  [main] 	most application stuff but whenever you do something with services
8:42:36 AM  [main] 	there will be a security dialogue or things will break! So think 
8:42:36 AM  [main] 	about running this application with administrator rights!
8:42:36 AM  [main] 	XAMPP Installation Directory: "c:\devel\java_ptf\new folder\"
8:42:36 AM  [main] 	WARNING: Your install directory contains spaces.  This may break programs/scripts
8:42:36 AM  [main] 	Checking for prerequisites
8:42:38 AM  [main] 	All prerequisites found
8:42:38 AM  [main] 	Initializing Modules
8:42:38 AM  [Apache] 	Problem detected!
8:42:38 AM  [Apache] 	Port 80 in use by "C:\Program Files (x86)\Skype\Phone\Skype.exe" with PID 5184!
8:42:38 AM  [Apache] 	Apache WILL NOT start without the configured ports free!
8:42:38 AM  [Apache] 	You need to uninstall/disable/reconfigure the blocking application
8:42:38 AM  [Apache] 	or reconfigure Apache and the Control Panel to listen on a different port
8:42:38 AM  [Apache] 	Problem detected!
8:42:38 AM  [Apache] 	Port 443 in use by "C:\Program Files (x86)\Skype\Phone\Skype.exe" with PID 5184!
8:42:38 AM  [Apache] 	Apache WILL NOT start without the configured ports free!
8:42:38 AM  [Apache] 	You need to uninstall/disable/reconfigure the blocking application
8:42:38 AM  [Apache] 	or reconfigure Apache and the Control Panel to listen on a different port
8:42:38 AM  [main] 	The FileZilla module is disabled
8:42:38 AM  [main] 	The Mercury module is disabled
8:42:38 AM  [main] 	The Tomcat module is disabled
8:42:38 AM  [main] 	Starting Check-Timer
8:42:38 AM  [main] 	Control Panel Ready
8:42:40 AM  [Apache] 	Problem detected!
8:42:40 AM  [Apache] 	Port 80 in use by "C:\Program Files (x86)\Skype\Phone\Skype.exe" with PID 5184!
8:42:40 AM  [Apache] 	Apache WILL NOT start without the configured ports free!
8:42:40 AM  [Apache] 	You need to uninstall/disable/reconfigure the blocking application
8:42:40 AM  [Apache] 	or reconfigure Apache and the Control Panel to listen on a different port
8:42:40 AM  [Apache] 	Problem detected!
8:42:40 AM  [Apache] 	Port 443 in use by "C:\Program Files (x86)\Skype\Phone\Skype.exe" with PID 5184!
8:42:40 AM  [Apache] 	Apache WILL NOT start without the configured ports free!
8:42:40 AM  [Apache] 	You need to uninstall/disable/reconfigure the blocking application
8:42:40 AM  [Apache] 	or reconfigure Apache and the Control Panel to listen on a different port
8:42:40 AM  [Apache] 	Attempting to start Apache app...
8:42:41 AM  [Apache] 	Status change detected: running
8:42:42 AM  [mysql] 	Attempting to start MySQL app...
8:42:43 AM  [mysql] 	Status change detected: running
8:42:44 AM  [Apache] 	Status change detected: stopped
8:42:44 AM  [Apache] 	Error: Apache shutdown unexpectedly.
8:42:44 AM  [Apache] 	This may be due to a blocked port, missing dependencies, 
8:42:44 AM  [Apache] 	improper privileges, a crash, or a shutdown by another method.
8:42:44 AM  [Apache] 	Press the Logs button to view error logs and check
8:42:44 AM  [Apache] 	the Windows Event Viewer for more clues
8:42:44 AM  [Apache] 	If you need more help, copy and post this
8:42:44 AM  [Apache] 	entire log window on the forums
9:46:10 PM  [Apache] 	Problem detected!
9:46:10 PM  [Apache] 	Port 80 in use by "C:\Program Files (x86)\Skype\Phone\Skype.exe" with PID 5184!
9:46:10 PM  [Apache] 	Apache WILL NOT start without the configured ports free!
9:46:10 PM  [Apache] 	You need to uninstall/disable/reconfigure the blocking application
9:46:10 PM  [Apache] 	or reconfigure Apache and the Control Panel to listen on a different port
9:46:10 PM  [Apache] 	Problem detected!
9:46:10 PM  [Apache] 	Port 443 in use by "C:\Program Files (x86)\Skype\Phone\Skype.exe" with PID 5184!
9:46:10 PM  [Apache] 	Apache WILL NOT start without the configured ports free!
9:46:10 PM  [Apache] 	You need to uninstall/disable/reconfigure the blocking application
9:46:10 PM  [Apache] 	or reconfigure Apache and the Control Panel to listen on a different port
9:46:10 PM  [Apache] 	Attempting to start Apache app...
9:46:11 PM  [Apache] 	Status change detected: running
9:46:11 PM  [Apache] 	Status change detected: stopped
9:46:11 PM  [Apache] 	Error: Apache shutdown unexpectedly.
9:46:11 PM  [Apache] 	This may be due to a blocked port, missing dependencies, 
9:46:11 PM  [Apache] 	improper privileges, a crash, or a shutdown by another method.
9:46:11 PM  [Apache] 	Press the Logs button to view error logs and check
9:46:11 PM  [Apache] 	the Windows Event Viewer for more clues
9:46:11 PM  [Apache] 	If you need more help, copy and post this
9:46:11 PM  [Apache] 	entire log window on the forums
9:55:50 PM  [Apache] 	Problem detected!
9:55:50 PM  [Apache] 	Port 80 in use by "C:\Program Files (x86)\Skype\Phone\Skype.exe" with PID 5184!
9:55:50 PM  [Apache] 	Apache WILL NOT start without the configured ports free!
9:55:50 PM  [Apache] 	You need to uninstall/disable/reconfigure the blocking application
9:55:50 PM  [Apache] 	or reconfigure Apache and the Control Panel to listen on a different port
9:55:50 PM  [Apache] 	Problem detected!
9:55:50 PM  [Apache] 	Port 443 in use by "C:\Program Files (x86)\Skype\Phone\Skype.exe" with PID 5184!
9:55:50 PM  [Apache] 	Apache WILL NOT start without the configured ports free!
9:55:50 PM  [Apache] 	You need to uninstall/disable/reconfigure the blocking application
9:55:50 PM  [Apache] 	or reconfigure Apache and the Control Panel to listen on a different port
9:55:50 PM  [Apache] 	Attempting to start Apache app...
9:55:50 PM  [Apache] 	Status change detected: running
9:55:51 PM  [Apache] 	Status change detected: stopped
9:55:51 PM  [Apache] 	Error: Apache shutdown unexpectedly.
9:55:51 PM  [Apache] 	This may be due to a blocked port, missing dependencies, 
9:55:51 PM  [Apache] 	improper privileges, a crash, or a shutdown by another method.
9:55:51 PM  [Apache] 	Press the Logs button to view error logs and check
9:55:51 PM  [Apache] 	the Windows Event Viewer for more clues
9:55:51 PM  [Apache] 	If you need more help, copy and post this
9:55:51 PM  [Apache] 	entire log window on the forums
9:59:14 PM  [Apache] 	Problem detected!
9:59:14 PM  [Apache] 	Port 80 in use by "C:\Program Files (x86)\Skype\Phone\Skype.exe" with PID 5184!
9:59:14 PM  [Apache] 	Apache WILL NOT start without the configured ports free!
9:59:14 PM  [Apache] 	You need to uninstall/disable/reconfigure the blocking application
9:59:14 PM  [Apache] 	or reconfigure Apache and the Control Panel to listen on a different port
9:59:14 PM  [Apache] 	Problem detected!
9:59:14 PM  [Apache] 	Port 443 in use by "C:\Program Files (x86)\Skype\Phone\Skype.exe" with PID 5184!
9:59:14 PM  [Apache] 	Apache WILL NOT start without the configured ports free!
9:59:14 PM  [Apache] 	You need to uninstall/disable/reconfigure the blocking application
9:59:14 PM  [Apache] 	or reconfigure Apache and the Control Panel to listen on a different port
9:59:14 PM  [Apache] 	Attempting to start Apache app...
9:59:15 PM  [Apache] 	Status change detected: running
9:59:15 PM  [Apache] 	Status change detected: stopped
9:59:15 PM  [Apache] 	Error: Apache shutdown unexpectedly.
9:59:15 PM  [Apache] 	This may be due to a blocked port, missing dependencies, 
9:59:15 PM  [Apache] 	improper privileges, a crash, or a shutdown by another method.
9:59:15 PM  [Apache] 	Press the Logs button to view error logs and check
9:59:15 PM  [Apache] 	the Windows Event Viewer for more clues
9:59:15 PM  [Apache] 	If you need more help, copy and post this
9:59:15 PM  [Apache] 	entire log window on the forums
10:01:47 PM  [Apache] 	Problem detected!
10:01:47 PM  [Apache] 	Port 80 in use by "C:\Program Files (x86)\Skype\Phone\Skype.exe" with PID 5184!
10:01:47 PM  [Apache] 	Apache WILL NOT start without the configured ports free!
10:01:47 PM  [Apache] 	You need to uninstall/disable/reconfigure the blocking application
10:01:47 PM  [Apache] 	or reconfigure Apache and the Control Panel to listen on a different port
10:01:47 PM  [Apache] 	Problem detected!
10:01:47 PM  [Apache] 	Port 443 in use by "C:\Program Files (x86)\Skype\Phone\Skype.exe" with PID 5184!
10:01:47 PM  [Apache] 	Apache WILL NOT start without the configured ports free!
10:01:47 PM  [Apache] 	You need to uninstall/disable/reconfigure the blocking application
10:01:47 PM  [Apache] 	or reconfigure Apache and the Control Panel to listen on a different port
10:01:47 PM  [Apache] 	Attempting to start Apache app...
10:01:47 PM  [Apache] 	Status change detected: running
10:01:48 PM  [Apache] 	Status change detected: stopped
10:01:48 PM  [Apache] 	Error: Apache shutdown unexpectedly.
10:01:48 PM  [Apache] 	This may be due to a blocked port, missing dependencies, 
10:01:48 PM  [Apache] 	improper privileges, a crash, or a shutdown by another method.
10:01:48 PM  [Apache] 	Press the Logs button to view error logs and check
10:01:48 PM  [Apache] 	the Windows Event Viewer for more clues
10:01:48 PM  [Apache] 	If you need more help, copy and post this
10:01:48 PM  [Apache] 	entire log window on the forums
10:02:13 PM  [Apache] 	Problem detected!
10:02:13 PM  [Apache] 	Port 80 in use by "C:\Program Files (x86)\Skype\Phone\Skype.exe" with PID 5184!
10:02:13 PM  [Apache] 	Apache WILL NOT start without the configured ports free!
10:02:13 PM  [Apache] 	You need to uninstall/disable/reconfigure the blocking application
10:02:13 PM  [Apache] 	or reconfigure Apache and the Control Panel to listen on a different port
10:02:13 PM  [Apache] 	Problem detected!
10:02:13 PM  [Apache] 	Port 443 in use by "C:\Program Files (x86)\Skype\Phone\Skype.exe" with PID 5184!
10:02:13 PM  [Apache] 	Apache WILL NOT start without the configured ports free!
10:02:13 PM  [Apache] 	You need to uninstall/disable/reconfigure the blocking application
10:02:13 PM  [Apache] 	or reconfigure Apache and the Control Panel to listen on a different port
10:02:13 PM  [Apache] 	Attempting to start Apache app...
10:02:13 PM  [Apache] 	Status change detected: running
10:02:14 PM  [Apache] 	Status change detected: stopped
10:02:14 PM  [Apache] 	Error: Apache shutdown unexpectedly.
10:02:14 PM  [Apache] 	This may be due to a blocked port, missing dependencies, 
10:02:14 PM  [Apache] 	improper privileges, a crash, or a shutdown by another method.
10:02:14 PM  [Apache] 	Press the Logs button to view error logs and check
10:02:14 PM  [Apache] 	the Windows Event Viewer for more clues
10:02:14 PM  [Apache] 	If you need more help, copy and post this
10:02:14 PM  [Apache] 	entire log window on the forums
10:05:13 PM  [Apache] 	Problem detected!
10:05:13 PM  [Apache] 	Port 80 in use by "C:\Program Files (x86)\Skype\Phone\Skype.exe" with PID 5184!
10:05:13 PM  [Apache] 	Apache WILL NOT start without the configured ports free!
10:05:13 PM  [Apache] 	You need to uninstall/disable/reconfigure the blocking application
10:05:13 PM  [Apache] 	or reconfigure Apache and the Control Panel to listen on a different port
10:05:13 PM  [Apache] 	Problem detected!
10:05:13 PM  [Apache] 	Port 443 in use by "C:\Program Files (x86)\Skype\Phone\Skype.exe" with PID 5184!
10:05:13 PM  [Apache] 	Apache WILL NOT start without the configured ports free!
10:05:13 PM  [Apache] 	You need to uninstall/disable/reconfigure the blocking application
10:05:13 PM  [Apache] 	or reconfigure Apache and the Control Panel to listen on a different port
10:05:13 PM  [Apache] 	Attempting to start Apache app...
10:05:13 PM  [Apache] 	Status change detected: running
10:05:14 PM  [Apache] 	Status change detected: stopped
10:05:14 PM  [Apache] 	Error: Apache shutdown unexpectedly.
10:05:14 PM  [Apache] 	This may be due to a blocked port, missing dependencies, 
10:05:14 PM  [Apache] 	improper privileges, a crash, or a shutdown by another method.
10:05:14 PM  [Apache] 	Press the Logs button to view error logs and check
10:05:14 PM  [Apache] 	the Windows Event Viewer for more clues
10:05:14 PM  [Apache] 	If you need more help, copy and post this
10:05:14 PM  [Apache] 	entire log window on the forums
10:09:53 PM  [Apache] 	Problem detected!
10:09:53 PM  [Apache] 	Port 80 in use by "C:\Program Files (x86)\Skype\Phone\Skype.exe" with PID 5184!
10:09:53 PM  [Apache] 	Apache WILL NOT start without the configured ports free!
10:09:53 PM  [Apache] 	You need to uninstall/disable/reconfigure the blocking application
10:09:53 PM  [Apache] 	or reconfigure Apache and the Control Panel to listen on a different port
10:09:53 PM  [Apache] 	Problem detected!
10:09:53 PM  [Apache] 	Port 443 in use by "C:\Program Files (x86)\Skype\Phone\Skype.exe" with PID 5184!
10:09:53 PM  [Apache] 	Apache WILL NOT start without the configured ports free!
10:09:53 PM  [Apache] 	You need to uninstall/disable/reconfigure the blocking application
10:09:53 PM  [Apache] 	or reconfigure Apache and the Control Panel to listen on a different port
10:09:53 PM  [Apache] 	Attempting to start Apache app...
10:09:53 PM  [Apache] 	Status change detected: running
10:09:53 PM  [Apache] 	Status change detected: stopped
10:09:53 PM  [Apache] 	Error: Apache shutdown unexpectedly.
10:09:53 PM  [Apache] 	This may be due to a blocked port, missing dependencies, 
10:09:53 PM  [Apache] 	improper privileges, a crash, or a shutdown by another method.
10:09:53 PM  [Apache] 	Press the Logs button to view error logs and check
10:09:53 PM  [Apache] 	the Windows Event Viewer for more clues
10:09:53 PM  [Apache] 	If you need more help, copy and post this
10:09:53 PM  [Apache] 	entire log window on the forums
10:12:20 PM  [main] 	Deinitializing Modules
10:12:20 PM  [main] 	Deinitializing Control Panel

10:16:06 AM  [main] 	Initializing Control Panel
10:16:06 AM  [main] 	Windows Version:  Home  64-bit
10:16:06 AM  [main] 	XAMPP Version: 5.6.15
10:16:06 AM  [main] 	Control Panel Version: 3.2.2  [ Compiled: Nov 12th 2015 ]
10:16:06 AM  [main] 	You are not running with administrator rights! This will work for
10:16:06 AM  [main] 	most application stuff but whenever you do something with services
10:16:06 AM  [main] 	there will be a security dialogue or things will break! So think 
10:16:06 AM  [main] 	about running this application with administrator rights!
10:16:06 AM  [main] 	XAMPP Installation Directory: "c:\devel\java_ptf\new folder\"
10:16:06 AM  [main] 	WARNING: Your install directory contains spaces.  This may break programs/scripts
10:16:06 AM  [main] 	Checking for prerequisites
10:16:06 AM  [main] 	All prerequisites found
10:16:06 AM  [main] 	Initializing Modules
10:16:06 AM  [main] 	The FileZilla module is disabled
10:16:06 AM  [main] 	The Mercury module is disabled
10:16:06 AM  [main] 	The Tomcat module is disabled
10:16:06 AM  [main] 	Starting Check-Timer
10:16:06 AM  [main] 	Control Panel Ready
10:16:08 AM  [Apache] 	Attempting to start Apache app...
10:16:08 AM  [Apache] 	Status change detected: running
10:16:14 AM  [mysql] 	Attempting to start MySQL app...
10:16:15 AM  [mysql] 	Status change detected: running
10:36:46 AM  [main] 	Deinitializing Modules
10:36:46 AM  [main] 	Deinitializing Control Panel

11:28:39 PM  [main] 	Initializing Control Panel
11:28:39 PM  [main] 	Windows Version:  Home  64-bit
11:28:39 PM  [main] 	XAMPP Version: 5.6.15
11:28:39 PM  [main] 	Control Panel Version: 3.2.2  [ Compiled: Nov 12th 2015 ]
11:28:39 PM  [main] 	You are not running with administrator rights! This will work for
11:28:39 PM  [main] 	most application stuff but whenever you do something with services
11:28:39 PM  [main] 	there will be a security dialogue or things will break! So think 
11:28:39 PM  [main] 	about running this application with administrator rights!
11:28:39 PM  [main] 	XAMPP Installation Directory: "c:\devel\java_ptf\new folder\"
11:28:39 PM  [main] 	WARNING: Your install directory contains spaces.  This may break programs/scripts
11:28:39 PM  [main] 	Checking for prerequisites
11:28:39 PM  [main] 	All prerequisites found
11:28:39 PM  [main] 	Initializing Modules
11:28:39 PM  [Apache] 	Problem detected!
11:28:39 PM  [Apache] 	Port 443 in use by "Unable to open process" with PID 9616!
11:28:39 PM  [Apache] 	Apache WILL NOT start without the configured ports free!
11:28:39 PM  [Apache] 	You need to uninstall/disable/reconfigure the blocking application
11:28:39 PM  [Apache] 	or reconfigure Apache and the Control Panel to listen on a different port
11:28:39 PM  [mysql] 	XAMPP MySQL is already running on port 3306
11:28:39 PM  [main] 	The FileZilla module is disabled
11:28:39 PM  [main] 	The Mercury module is disabled
11:28:39 PM  [main] 	The Tomcat module is disabled
11:28:39 PM  [main] 	Starting Check-Timer
11:28:39 PM  [main] 	Control Panel Ready
11:28:40 PM  [Apache] 	Problem detected!
11:28:40 PM  [Apache] 	Port 443 in use by "Unable to open process" with PID 9616!
11:28:40 PM  [Apache] 	Apache WILL NOT start without the configured ports free!
11:28:40 PM  [Apache] 	You need to uninstall/disable/reconfigure the blocking application
11:28:40 PM  [Apache] 	or reconfigure Apache and the Control Panel to listen on a different port
11:28:40 PM  [Apache] 	Attempting to start Apache app...
11:28:41 PM  [Apache] 	Status change detected: running
11:28:41 PM  [Apache] 	Status change detected: stopped
11:28:41 PM  [Apache] 	Error: Apache shutdown unexpectedly.
11:28:41 PM  [Apache] 	This may be due to a blocked port, missing dependencies, 
11:28:41 PM  [Apache] 	improper privileges, a crash, or a shutdown by another method.
11:28:41 PM  [Apache] 	Press the Logs button to view error logs and check
11:28:41 PM  [Apache] 	the Windows Event Viewer for more clues
11:28:41 PM  [Apache] 	If you need more help, copy and post this
11:28:41 PM  [Apache] 	entire log window on the forums
11:30:18 PM  [Apache] 	Status change detected: running
11:30:19 PM  [Apache] 	Status change detected: stopped
11:30:19 PM  [Apache] 	Error: Apache shutdown unexpectedly.
11:30:19 PM  [Apache] 	This may be due to a blocked port, missing dependencies, 
11:30:19 PM  [Apache] 	improper privileges, a crash, or a shutdown by another method.
11:30:19 PM  [Apache] 	Press the Logs button to view error logs and check
11:30:19 PM  [Apache] 	the Windows Event Viewer for more clues
11:30:19 PM  [Apache] 	If you need more help, copy and post this
11:30:19 PM  [Apache] 	entire log window on the forums
11:30:27 PM  [main] 	Deinitializing Modules
11:30:27 PM  [main] 	Deinitializing Control Panel

10:42:44 AM  [main] 	Initializing Control Panel
10:42:44 AM  [main] 	Windows Version:  Home  64-bit
10:42:44 AM  [main] 	XAMPP Version: 5.6.15
10:42:44 AM  [main] 	Control Panel Version: 3.2.2  [ Compiled: Nov 12th 2015 ]
10:42:44 AM  [main] 	You are not running with administrator rights! This will work for
10:42:44 AM  [main] 	most application stuff but whenever you do something with services
10:42:44 AM  [main] 	there will be a security dialogue or things will break! So think 
10:42:44 AM  [main] 	about running this application with administrator rights!
10:42:44 AM  [main] 	XAMPP Installation Directory: "c:\devel\java_ptf\new folder\"
10:42:44 AM  [main] 	WARNING: Your install directory contains spaces.  This may break programs/scripts
10:42:44 AM  [main] 	Checking for prerequisites
10:42:44 AM  [main] 	All prerequisites found
10:42:44 AM  [main] 	Initializing Modules
10:42:44 AM  [Apache] 	XAMPP Apache is already running on port 443
10:42:44 AM  [mysql] 	XAMPP MySQL is already running on port 3306
10:42:44 AM  [main] 	The FileZilla module is disabled
10:42:44 AM  [main] 	The Mercury module is disabled
10:42:44 AM  [main] 	The Tomcat module is disabled
10:42:44 AM  [main] 	Starting Check-Timer
10:42:44 AM  [main] 	Control Panel Ready
10:44:28 AM  [main] 	Deinitializing Modules
10:44:28 AM  [main] 	Deinitializing Control Panel

8:50:31 AM  [main] 	Initializing Control Panel
8:50:31 AM  [main] 	Windows Version:  Home  64-bit
8:50:31 AM  [main] 	XAMPP Version: 5.6.15
8:50:31 AM  [main] 	Control Panel Version: 3.2.2  [ Compiled: Nov 12th 2015 ]
8:50:31 AM  [main] 	You are not running with administrator rights! This will work for
8:50:31 AM  [main] 	most application stuff but whenever you do something with services
8:50:31 AM  [main] 	there will be a security dialogue or things will break! So think 
8:50:31 AM  [main] 	about running this application with administrator rights!
8:50:31 AM  [main] 	XAMPP Installation Directory: "c:\devel\java_ptf\new folder\"
8:50:31 AM  [main] 	WARNING: Your install directory contains spaces.  This may break programs/scripts
8:50:31 AM  [main] 	Checking for prerequisites
8:50:31 AM  [main] 	All prerequisites found
8:50:31 AM  [main] 	Initializing Modules
8:50:31 AM  [main] 	The FileZilla module is disabled
8:50:31 AM  [main] 	The Mercury module is disabled
8:50:31 AM  [main] 	The Tomcat module is disabled
8:50:31 AM  [main] 	Starting Check-Timer
8:50:31 AM  [main] 	Control Panel Ready
8:50:32 AM  [Apache] 	Attempting to start Apache app...
8:50:33 AM  [Apache] 	Status change detected: running
8:50:35 AM  [mysql] 	Attempting to start MySQL app...
8:50:35 AM  [mysql] 	Status change detected: running
10:44:28 AM  [mysql] 	Status change detected: stopped
10:44:28 AM  [mysql] 	Error: MySQL shutdown unexpectedly.
10:44:28 AM  [mysql] 	This may be due to a blocked port, missing dependencies, 
10:44:28 AM  [mysql] 	improper privileges, a crash, or a shutdown by another method.
10:44:28 AM  [mysql] 	Press the Logs button to view error logs and check
10:44:28 AM  [mysql] 	the Windows Event Viewer for more clues
10:44:28 AM  [mysql] 	If you need more help, copy and post this
10:44:28 AM  [mysql] 	entire log window on the forums
10:44:28 AM  [main] 	Deinitializing Modules
10:44:28 AM  [main] 	Deinitializing Control Panel

10:47:24 AM  [main] 	Initializing Control Panel
10:47:24 AM  [main] 	Windows Version:  Home  64-bit
10:47:24 AM  [main] 	XAMPP Version: 5.6.15
10:47:24 AM  [main] 	Control Panel Version: 3.2.2  [ Compiled: Nov 12th 2015 ]
10:47:24 AM  [main] 	You are not running with administrator rights! This will work for
10:47:24 AM  [main] 	most application stuff but whenever you do something with services
10:47:24 AM  [main] 	there will be a security dialogue or things will break! So think 
10:47:24 AM  [main] 	about running this application with administrator rights!
10:47:24 AM  [main] 	XAMPP Installation Directory: "c:\devel\java_ptf\new folder\"
10:47:24 AM  [main] 	WARNING: Your install directory contains spaces.  This may break programs/scripts
10:47:24 AM  [main] 	Checking for prerequisites
10:47:54 AM  [main] 	All prerequisites found
10:47:54 AM  [main] 	Initializing Modules
10:47:54 AM  [main] 	The FileZilla module is disabled
10:47:54 AM  [main] 	The Mercury module is disabled
10:47:54 AM  [main] 	The Tomcat module is disabled
10:47:54 AM  [main] 	Starting Check-Timer
10:47:54 AM  [main] 	Control Panel Ready
10:48:05 AM  [Apache] 	Attempting to start Apache app...
10:48:05 AM  [Apache] 	Status change detected: running
10:48:09 AM  [mysql] 	Attempting to start MySQL app...
10:48:10 AM  [mysql] 	Status change detected: running
4:37:52 PM  [main] 	Deinitializing Modules
4:37:52 PM  [main] 	Deinitializing Control Panel

4:47:23 PM  [main] 	Initializing Control Panel
4:47:23 PM  [main] 	Windows Version:  Home  64-bit
4:47:23 PM  [main] 	XAMPP Version: 5.6.15
4:47:23 PM  [main] 	Control Panel Version: 3.2.2  [ Compiled: Nov 12th 2015 ]
4:47:23 PM  [main] 	You are not running with administrator rights! This will work for
4:47:23 PM  [main] 	most application stuff but whenever you do something with services
4:47:23 PM  [main] 	there will be a security dialogue or things will break! So think 
4:47:23 PM  [main] 	about running this application with administrator rights!
4:47:23 PM  [main] 	XAMPP Installation Directory: "c:\devel\java_ptf\new folder\"
4:47:23 PM  [main] 	WARNING: Your install directory contains spaces.  This may break programs/scripts
4:47:23 PM  [main] 	Checking for prerequisites
4:47:39 PM  [main] 	All prerequisites found
4:47:39 PM  [main] 	Initializing Modules
4:47:39 PM  [main] 	The FileZilla module is disabled
4:47:39 PM  [main] 	The Mercury module is disabled
4:47:39 PM  [main] 	The Tomcat module is disabled
4:47:39 PM  [main] 	Starting Check-Timer
4:47:39 PM  [main] 	Control Panel Ready
4:47:50 PM  [Apache] 	Attempting to start Apache app...
4:47:50 PM  [Apache] 	Status change detected: running
4:47:56 PM  [mysql] 	Attempting to start MySQL app...
4:47:57 PM  [mysql] 	Status change detected: running
10:07:22 PM  [main] 	Deinitializing Modules
10:07:22 PM  [main] 	Deinitializing Control Panel

8:25:35 AM  [main] 	Initializing Control Panel
8:25:35 AM  [main] 	Windows Version:  Home  64-bit
8:25:35 AM  [main] 	XAMPP Version: 5.6.15
8:25:35 AM  [main] 	Control Panel Version: 3.2.2  [ Compiled: Nov 12th 2015 ]
8:25:35 AM  [main] 	You are not running with administrator rights! This will work for
8:25:35 AM  [main] 	most application stuff but whenever you do something with services
8:25:35 AM  [main] 	there will be a security dialogue or things will break! So think 
8:25:35 AM  [main] 	about running this application with administrator rights!
8:25:35 AM  [main] 	XAMPP Installation Directory: "c:\devel\java_ptf\new folder\"
8:25:35 AM  [main] 	WARNING: Your install directory contains spaces.  This may break programs/scripts
8:25:35 AM  [main] 	Checking for prerequisites
8:26:19 AM  [main] 	All prerequisites found
8:26:19 AM  [main] 	Initializing Modules
8:26:19 AM  [main] 	The FileZilla module is disabled
8:26:19 AM  [main] 	The Mercury module is disabled
8:26:19 AM  [main] 	The Tomcat module is disabled
8:26:19 AM  [main] 	Starting Check-Timer
8:26:19 AM  [main] 	Control Panel Ready
8:29:42 AM  [Apache] 	Attempting to start Apache app...
8:29:42 AM  [Apache] 	Status change detected: running
8:29:52 AM  [mysql] 	Attempting to start MySQL app...
8:29:52 AM  [mysql] 	Status change detected: running
11:25:12 PM  [main] 	Deinitializing Modules
11:25:12 PM  [main] 	Deinitializing Control Panel

1:28:27 PM  [main] 	Initializing Control Panel
1:28:27 PM  [main] 	Windows Version:  Home  64-bit
1:28:27 PM  [main] 	XAMPP Version: 5.6.15
1:28:27 PM  [main] 	Control Panel Version: 3.2.2  [ Compiled: Nov 12th 2015 ]
1:28:27 PM  [main] 	You are not running with administrator rights! This will work for
1:28:27 PM  [main] 	most application stuff but whenever you do something with services
1:28:27 PM  [main] 	there will be a security dialogue or things will break! So think 
1:28:27 PM  [main] 	about running this application with administrator rights!
1:28:27 PM  [main] 	XAMPP Installation Directory: "c:\devel\java_ptf\new folder\"
1:28:27 PM  [main] 	WARNING: Your install directory contains spaces.  This may break programs/scripts
1:28:27 PM  [main] 	Checking for prerequisites
1:28:27 PM  [main] 	All prerequisites found
1:28:27 PM  [main] 	Initializing Modules
1:28:27 PM  [main] 	The FileZilla module is disabled
1:28:27 PM  [main] 	The Mercury module is disabled
1:28:27 PM  [main] 	The Tomcat module is disabled
1:28:27 PM  [main] 	Starting Check-Timer
1:28:27 PM  [main] 	Control Panel Ready
1:28:33 PM  [Apache] 	Attempting to start Apache app...
1:28:34 PM  [Apache] 	Status change detected: running
1:28:34 PM  [mysql] 	Attempting to start MySQL app...
1:28:34 PM  [mysql] 	Status change detected: running
10:13:15 PM  [main] 	Deinitializing Modules
10:13:15 PM  [main] 	Deinitializing Control Panel

10:07:36 AM  [main] 	Initializing Control Panel
10:07:36 AM  [main] 	Windows Version:  Home  64-bit
10:07:36 AM  [main] 	XAMPP Version: 5.6.15
10:07:36 AM  [main] 	Control Panel Version: 3.2.2  [ Compiled: Nov 12th 2015 ]
10:07:36 AM  [main] 	You are not running with administrator rights! This will work for
10:07:36 AM  [main] 	most application stuff but whenever you do something with services
10:07:36 AM  [main] 	there will be a security dialogue or things will break! So think 
10:07:36 AM  [main] 	about running this application with administrator rights!
10:07:36 AM  [main] 	XAMPP Installation Directory: "c:\devel\java_ptf\new folder\"
10:07:36 AM  [main] 	WARNING: Your install directory contains spaces.  This may break programs/scripts
10:07:36 AM  [main] 	Checking for prerequisites
10:07:36 AM  [main] 	All prerequisites found
10:07:36 AM  [main] 	Initializing Modules
10:07:36 AM  [main] 	The FileZilla module is disabled
10:07:36 AM  [main] 	The Mercury module is disabled
10:07:36 AM  [main] 	The Tomcat module is disabled
10:07:36 AM  [main] 	Starting Check-Timer
10:07:36 AM  [main] 	Control Panel Ready
10:07:40 AM  [Apache] 	Attempting to start Apache app...
10:07:40 AM  [Apache] 	Status change detected: running
1:29:09 PM  [mysql] 	Status change detected: running
10:54:01 PM  [main] 	Deinitializing Modules
10:54:01 PM  [main] 	Deinitializing Control Panel

9:57:22 PM  [main] 	Initializing Control Panel
9:57:22 PM  [main] 	Windows Version:  Home  64-bit
9:57:22 PM  [main] 	XAMPP Version: 5.6.15
9:57:22 PM  [main] 	Control Panel Version: 3.2.2  [ Compiled: Nov 12th 2015 ]
9:57:22 PM  [main] 	You are not running with administrator rights! This will work for
9:57:22 PM  [main] 	most application stuff but whenever you do something with services
9:57:22 PM  [main] 	there will be a security dialogue or things will break! So think 
9:57:22 PM  [main] 	about running this application with administrator rights!
9:57:22 PM  [main] 	XAMPP Installation Directory: "c:\devel\java_ptf\new folder\"
9:57:22 PM  [main] 	WARNING: Your install directory contains spaces.  This may break programs/scripts
9:57:22 PM  [main] 	Checking for prerequisites
9:57:22 PM  [main] 	All prerequisites found
9:57:22 PM  [main] 	Initializing Modules
9:57:22 PM  [main] 	The FileZilla module is disabled
9:57:22 PM  [main] 	The Mercury module is disabled
9:57:22 PM  [main] 	The Tomcat module is disabled
9:57:22 PM  [main] 	Starting Check-Timer
9:57:22 PM  [main] 	Control Panel Ready
9:57:25 PM  [Apache] 	Attempting to start Apache app...
9:57:25 PM  [Apache] 	Status change detected: running
9:57:27 PM  [mysql] 	Attempting to start MySQL app...
9:57:27 PM  [mysql] 	Status change detected: running
11:04:00 PM  [main] 	Deinitializing Modules
11:04:00 PM  [main] 	Deinitializing Control Panel

10:18:59 PM  [main] 	Initializing Control Panel
10:18:59 PM  [main] 	Windows Version:  Home  64-bit
10:18:59 PM  [main] 	XAMPP Version: 5.6.15
10:18:59 PM  [main] 	Control Panel Version: 3.2.2  [ Compiled: Nov 12th 2015 ]
10:18:59 PM  [main] 	You are not running with administrator rights! This will work for
10:18:59 PM  [main] 	most application stuff but whenever you do something with services
10:18:59 PM  [main] 	there will be a security dialogue or things will break! So think 
10:18:59 PM  [main] 	about running this application with administrator rights!
10:18:59 PM  [main] 	XAMPP Installation Directory: "c:\devel\java_ptf\new folder\"
10:18:59 PM  [main] 	WARNING: Your install directory contains spaces.  This may break programs/scripts
10:18:59 PM  [main] 	Checking for prerequisites
10:18:59 PM  [main] 	All prerequisites found
10:18:59 PM  [main] 	Initializing Modules
10:18:59 PM  [main] 	The FileZilla module is disabled
10:18:59 PM  [main] 	The Mercury module is disabled
10:18:59 PM  [main] 	The Tomcat module is disabled
10:18:59 PM  [main] 	Starting Check-Timer
10:18:59 PM  [main] 	Control Panel Ready
10:19:01 PM  [Apache] 	Attempting to start Apache app...
10:19:01 PM  [Apache] 	Status change detected: running
10:19:02 PM  [mysql] 	Attempting to start MySQL app...
10:19:02 PM  [mysql] 	Status change detected: running
9:17:11 PM  [main] 	Deinitializing Modules
9:17:11 PM  [main] 	Deinitializing Control Panel

8:35:01 AM  [main] 	Initializing Control Panel
8:35:01 AM  [main] 	Windows Version:  Home  64-bit
8:35:01 AM  [main] 	XAMPP Version: 5.6.15
8:35:01 AM  [main] 	Control Panel Version: 3.2.2  [ Compiled: Nov 12th 2015 ]
8:35:01 AM  [main] 	You are not running with administrator rights! This will work for
8:35:01 AM  [main] 	most application stuff but whenever you do something with services
8:35:01 AM  [main] 	there will be a security dialogue or things will break! So think 
8:35:01 AM  [main] 	about running this application with administrator rights!
8:35:01 AM  [main] 	XAMPP Installation Directory: "c:\devel\java_ptf\new folder\"
8:35:01 AM  [main] 	WARNING: Your install directory contains spaces.  This may break programs/scripts
8:35:01 AM  [main] 	Checking for prerequisites
8:35:21 AM  [main] 	All prerequisites found
8:35:21 AM  [main] 	Initializing Modules
8:35:21 AM  [main] 	The FileZilla module is disabled
8:35:21 AM  [main] 	The Mercury module is disabled
8:35:21 AM  [main] 	The Tomcat module is disabled
8:35:21 AM  [main] 	Starting Check-Timer
8:35:21 AM  [main] 	Control Panel Ready
8:35:40 AM  [Apache] 	Attempting to start Apache app...
8:35:40 AM  [Apache] 	Status change detected: running
8:35:42 AM  [mysql] 	Attempting to start MySQL app...
8:35:42 AM  [mysql] 	Status change detected: running
9:45:11 AM  [main] 	Deinitializing Modules
9:45:11 AM  [main] 	Deinitializing Control Panel

5:20:58 PM  [main] 	Initializing Control Panel
5:20:58 PM  [main] 	Windows Version:  Home  64-bit
5:20:58 PM  [main] 	XAMPP Version: 5.6.15
5:20:58 PM  [main] 	Control Panel Version: 3.2.2  [ Compiled: Nov 12th 2015 ]
5:20:58 PM  [main] 	You are not running with administrator rights! This will work for
5:20:58 PM  [main] 	most application stuff but whenever you do something with services
5:20:58 PM  [main] 	there will be a security dialogue or things will break! So think 
5:20:58 PM  [main] 	about running this application with administrator rights!
5:20:58 PM  [main] 	XAMPP Installation Directory: "c:\devel\java_ptf\new folder\"
5:20:58 PM  [main] 	WARNING: Your install directory contains spaces.  This may break programs/scripts
5:20:58 PM  [main] 	Checking for prerequisites
5:20:59 PM  [main] 	All prerequisites found
5:20:59 PM  [main] 	Initializing Modules
5:20:59 PM  [main] 	The FileZilla module is disabled
5:20:59 PM  [main] 	The Mercury module is disabled
5:20:59 PM  [main] 	The Tomcat module is disabled
5:20:59 PM  [main] 	Starting Check-Timer
5:20:59 PM  [main] 	Control Panel Ready
5:22:11 PM  [Apache] 	Attempting to start Apache app...
5:22:12 PM  [Apache] 	Status change detected: running
5:22:14 PM  [mysql] 	Attempting to start MySQL app...
5:22:15 PM  [mysql] 	Status change detected: running
10:58:39 PM  [main] 	Deinitializing Modules
10:58:39 PM  [main] 	Deinitializing Control Panel

5:57:05 PM  [main] 	Initializing Control Panel
5:57:05 PM  [main] 	Windows Version:  Home  64-bit
5:57:05 PM  [main] 	XAMPP Version: 5.6.15
5:57:05 PM  [main] 	Control Panel Version: 3.2.2  [ Compiled: Nov 12th 2015 ]
5:57:05 PM  [main] 	You are not running with administrator rights! This will work for
5:57:05 PM  [main] 	most application stuff but whenever you do something with services
5:57:05 PM  [main] 	there will be a security dialogue or things will break! So think 
5:57:05 PM  [main] 	about running this application with administrator rights!
5:57:05 PM  [main] 	XAMPP Installation Directory: "c:\devel\java_ptf\new folder\"
5:57:05 PM  [main] 	WARNING: Your install directory contains spaces.  This may break programs/scripts
5:57:05 PM  [main] 	Checking for prerequisites
5:57:06 PM  [main] 	All prerequisites found
5:57:06 PM  [main] 	Initializing Modules
5:57:06 PM  [main] 	The FileZilla module is disabled
5:57:06 PM  [main] 	The Mercury module is disabled
5:57:06 PM  [main] 	The Tomcat module is disabled
5:57:06 PM  [main] 	Starting Check-Timer
5:57:06 PM  [main] 	Control Panel Ready
5:57:13 PM  [Apache] 	Attempting to start Apache app...
5:57:13 PM  [Apache] 	Status change detected: running
5:57:14 PM  [mysql] 	Attempting to start MySQL app...
5:57:14 PM  [mysql] 	Status change detected: running
9:39:35 AM  [main] 	Deinitializing Modules
9:39:35 AM  [main] 	Deinitializing Control Panel

10:59:50 AM  [main] 	Initializing Control Panel
10:59:50 AM  [main] 	Windows Version:  Home  64-bit
10:59:50 AM  [main] 	XAMPP Version: 5.6.15
10:59:50 AM  [main] 	Control Panel Version: 3.2.2  [ Compiled: Nov 12th 2015 ]
10:59:50 AM  [main] 	You are not running with administrator rights! This will work for
10:59:50 AM  [main] 	most application stuff but whenever you do something with services
10:59:50 AM  [main] 	there will be a security dialogue or things will break! So think 
10:59:50 AM  [main] 	about running this application with administrator rights!
10:59:50 AM  [main] 	XAMPP Installation Directory: "c:\devel\java_ptf\new folder\"
10:59:50 AM  [main] 	WARNING: Your install directory contains spaces.  This may break programs/scripts
10:59:50 AM  [main] 	Checking for prerequisites
11:00:32 AM  [main] 	All prerequisites found
11:00:32 AM  [main] 	Initializing Modules
11:00:32 AM  [main] 	The FileZilla module is disabled
11:00:32 AM  [main] 	The Mercury module is disabled
11:00:32 AM  [main] 	The Tomcat module is disabled
11:00:32 AM  [main] 	Starting Check-Timer
11:00:32 AM  [main] 	Control Panel Ready
11:00:47 AM  [Apache] 	Attempting to start Apache app...
11:00:47 AM  [Apache] 	Status change detected: running
11:00:47 AM  [mysql] 	Attempting to start MySQL app...
11:00:48 AM  [mysql] 	Status change detected: running
10:14:46 PM  [Apache] 	Status change detected: stopped
10:14:46 PM  [Apache] 	Error: Apache shutdown unexpectedly.
10:14:46 PM  [Apache] 	This may be due to a blocked port, missing dependencies, 
10:14:46 PM  [Apache] 	improper privileges, a crash, or a shutdown by another method.
10:14:46 PM  [Apache] 	Press the Logs button to view error logs and check
10:14:46 PM  [Apache] 	the Windows Event Viewer for more clues
10:14:46 PM  [Apache] 	If you need more help, copy and post this
10:14:46 PM  [Apache] 	entire log window on the forums
10:14:46 PM  [mysql] 	Status change detected: stopped
10:14:46 PM  [mysql] 	Error: MySQL shutdown unexpectedly.
10:14:46 PM  [mysql] 	This may be due to a blocked port, missing dependencies, 
10:14:46 PM  [mysql] 	improper privileges, a crash, or a shutdown by another method.
10:14:46 PM  [mysql] 	Press the Logs button to view error logs and check
10:14:46 PM  [mysql] 	the Windows Event Viewer for more clues
10:14:46 PM  [mysql] 	If you need more help, copy and post this
10:14:46 PM  [mysql] 	entire log window on the forums
10:14:47 PM  [main] 	Deinitializing Modules
10:14:47 PM  [main] 	Deinitializing Control Panel

